<?xml version="1.0" encoding="UTF-8"?>
<!-- Generated by org.testng.reporters.JUnitReportReporter -->
<testsuite hostname="LAPTOP-OU00SHOF" failures="0" tests="4" name="com.todo.utils.TestRunnerDriver" time="516.469" errors="0" timestamp="2022-03-04T06:03:27 CET" skipped="0">
  <testcase classname="com.todo.utils.TestRunnerDriver" name="test1" time="127.995"/>
  <system-out/>
  <testcase classname="com.todo.utils.TestRunnerDriver" name="test1" time="130.888"/>
  <system-out/>
  <testcase classname="com.todo.utils.TestRunnerDriver" name="test1" time="126.672"/>
  <system-out/>
  <testcase classname="com.todo.utils.TestRunnerDriver" name="test1" time="130.914"/>
  <system-out/>
</testsuite> <!-- com.todo.utils.TestRunnerDriver -->
