<?xml version="1.0" encoding="UTF-8"?>
<!-- Generated by org.testng.reporters.JUnitReportReporter -->
<testsuite hostname="LAPTOP-GBJ4LDOP" failures="0" tests="4" name="com.todo.TestRunnerDriver" time="77.745" errors="0" timestamp="2022-03-04T22:33:28 CET" skipped="0">
  <testcase classname="com.todo.TestRunnerDriver" name="test1" time="19.816"/>
  <system-out/>
  <testcase classname="com.todo.TestRunnerDriver" name="test1" time="19.527"/>
  <system-out/>
  <testcase classname="com.todo.TestRunnerDriver" name="test1" time="18.806"/>
  <system-out/>
  <testcase classname="com.todo.TestRunnerDriver" name="test1" time="19.596"/>
  <system-out/>
</testsuite> <!-- com.todo.TestRunnerDriver -->
