<?xml version="1.0" encoding="UTF-8"?>
<!-- Generated by org.testng.reporters.JUnitReportReporter -->
<testsuite hostname="LAPTOP-OU00SHOF" failures="0" tests="3" name="com.todo.tests.MultiInstanceBySessionHandling" time="490.442" errors="0" timestamp="2022-03-03T07:04:25 CET" skipped="0">
  <testcase classname="com.todo.tests.MultiInstanceBySessionHandling" name="test3" time="163.856"/>
  <system-out/>
  <testcase classname="com.todo.tests.MultiInstanceBySessionHandling" name="test2" time="163.059"/>
  <system-out/>
  <testcase classname="com.todo.tests.MultiInstanceBySessionHandling" name="test1" time="163.527"/>
  <system-out/>
</testsuite> <!-- com.todo.tests.MultiInstanceBySessionHandling -->
