<?xml version="1.0" encoding="UTF-8"?>
<!-- Generated by org.testng.reporters.JUnitReportReporter -->
<testsuite hostname="LAPTOP-OU00SHOF" failures="0" tests="2" name="com.multiDrivers.tests.MultiInstanceBySessionHandling" time="38.674" errors="0" timestamp="2022-03-04T05:13:24 CET" skipped="0">
  <testcase classname="com.multiDrivers.tests.MultiInstanceBySessionHandling" name="test2" time="17.645"/>
  <system-out/>
  <testcase classname="com.multiDrivers.tests.MultiInstanceBySessionHandling" name="test1" time="21.029"/>
  <system-out/>
</testsuite> <!-- com.multiDrivers.tests.MultiInstanceBySessionHandling -->
