<?xml version="1.0" encoding="UTF-8"?>
<!-- Generated by org.testng.reporters.JUnitReportReporter -->
<testsuite hostname="LAPTOP-OU00SHOF" failures="0" tests="1" name="com.todo.tests.AddToDoTest" time="0.076" errors="0" timestamp="2022-03-02T18:14:28 CET" skipped="0">
  <testcase classname="com.todo.tests.AddToDoTest" name="testManyInstanceDriver" time="0.076"/>
  <system-out/>
</testsuite> <!-- com.todo.tests.AddToDoTest -->
